2020-05-26 11:34:06 [127.0.0.1][9][5qqqqqfaktrp09audsr4q4visseua1vv][error][yii\base\InvalidConfigException] ReflectionException: Class app\modules\admin\Module does not exist in G:\OSPanel\domains\maxsulotDilshod\vendor\yiisoft\yii2\di\Container.php:447
Stack trace:
#0 G:\OSPanel\domains\maxsulotDilshod\vendor\yiisoft\yii2\di\Container.php(447): ReflectionClass->__construct('app\\modules\\adm...')
#1 G:\OSPanel\domains\maxsulotDilshod\vendor\yiisoft\yii2\di\Container.php(374): yii\di\Container->getDependencies('app\\modules\\adm...')
#2 G:\OSPanel\domains\maxsulotDilshod\vendor\yiisoft\yii2\di\Container.php(159): yii\di\Container->build('app\\modules\\adm...', Array, Array)
#3 G:\OSPanel\domains\maxsulotDilshod\vendor\yiisoft\yii2\BaseYii.php(365): yii\di\Container->get('app\\modules\\adm...', Array, Array)
#4 G:\OSPanel\domains\maxsulotDilshod\vendor\yiisoft\yii2\base\Module.php(427): yii\BaseYii::createObject(Array, Array)
#5 G:\OSPanel\domains\maxsulotDilshod\vendor\yiisoft\yii2\base\Module.php(586): yii\base\Module->getModule('admin')
#6 G:\OSPanel\domains\maxsulotDilshod\vendor\yiisoft\yii2\base\Module.php(522): yii\base\Module->createController('default/index')
#7 G:\OSPanel\domains\maxsulotDilshod\vendor\yiisoft\yii2\web\Application.php(103): yii\base\Module->runAction('admin/default/i...', Array)
#8 G:\OSPanel\domains\maxsulotDilshod\vendor\yiisoft\yii2\base\Application.php(386): yii\web\Application->handleRequest(Object(yii\web\Request))
#9 G:\OSPanel\domains\maxsulotDilshod\web\index.php(12): yii\base\Application->run()
#10 {main}

Next yii\base\InvalidConfigException: Failed to instantiate component or class "app\modules\admin\Module". in G:\OSPanel\domains\maxsulotDilshod\vendor\yiisoft\yii2\di\Container.php:449
Stack trace:
#0 G:\OSPanel\domains\maxsulotDilshod\vendor\yiisoft\yii2\di\Container.php(374): yii\di\Container->getDependencies('app\\modules\\adm...')
#1 G:\OSPanel\domains\maxsulotDilshod\vendor\yiisoft\yii2\di\Container.php(159): yii\di\Container->build('app\\modules\\adm...', Array, Array)
#2 G:\OSPanel\domains\maxsulotDilshod\vendor\yiisoft\yii2\BaseYii.php(365): yii\di\Container->get('app\\modules\\adm...', Array, Array)
#3 G:\OSPanel\domains\maxsulotDilshod\vendor\yiisoft\yii2\base\Module.php(427): yii\BaseYii::createObject(Array, Array)
#4 G:\OSPanel\domains\maxsulotDilshod\vendor\yiisoft\yii2\base\Module.php(586): yii\base\Module->getModule('admin')
#5 G:\OSPanel\domains\maxsulotDilshod\vendor\yiisoft\yii2\base\Module.php(522): yii\base\Module->createController('default/index')
#6 G:\OSPanel\domains\maxsulotDilshod\vendor\yiisoft\yii2\web\Application.php(103): yii\base\Module->runAction('admin/default/i...', Array)
#7 G:\OSPanel\domains\maxsulotDilshod\vendor\yiisoft\yii2\base\Application.php(386): yii\web\Application->handleRequest(Object(yii\web\Request))
#8 G:\OSPanel\domains\maxsulotDilshod\web\index.php(12): yii\base\Application->run()
#9 {main}
2020-05-26 11:34:06 [127.0.0.1][9][5qqqqqfaktrp09audsr4q4visseua1vv][info][application] $_GET = []

$_POST = []

$_FILES = []

$_COOKIE = [
    '__extfc' => '1'
    'PHPSESSID' => '5qqqqqfaktrp09audsr4q4visseua1vv'
    '_csrf' => '2efd6786cbce27412b9c3bfc691e3d5e507b409e7f1d5590a28f669360f59238a:2:{i:0;s:5:\"_csrf\";i:1;s:32:\"OZYnrJ2p6qiW69i0cOtCaQx6H41GmBP7\";}'
    '_identity' => 'ebf2e99e9993b0482c91339e3b0eee77e28f7f0e18db67946e091e5d650677e7a:2:{i:0;s:9:\"_identity\";i:1;s:46:\"[9,\"b7EQftGbpacPWoXOiYiseJql-dkTmicV\",2592000]\";}'
]

$_SESSION = [
    '__flash' => []
    '__id' => 9
]

$_SERVER = [
    'REDIRECT_STATUS' => '200'
    'HTTP_HOST' => 'maxsulotdilshod.loc'
    'HTTP_CONNECTION' => 'keep-alive'
    'HTTP_UPGRADE_INSECURE_REQUESTS' => '1'
    'HTTP_USER_AGENT' => 'Mozilla/5.0 (Windows NT 10.0; Win64; x64) AppleWebKit/537.36 (KHTML, like Gecko) Chrome/81.0.4044.138 Safari/537.36'
    'HTTP_ACCEPT' => 'text/html,application/xhtml+xml,application/xml;q=0.9,image/webp,image/apng,*/*;q=0.8,application/signed-exchange;v=b3;q=0.9'
    'HTTP_REFERER' => 'http://maxsulotdilshod.loc/'
    'HTTP_ACCEPT_ENCODING' => 'gzip, deflate'
    'HTTP_ACCEPT_LANGUAGE' => 'ru-RU,ru;q=0.9,en-US;q=0.8,en;q=0.7,la;q=0.6'
    'HTTP_COOKIE' => '__extfc=1; PHPSESSID=5qqqqqfaktrp09audsr4q4visseua1vv; _csrf=2efd6786cbce27412b9c3bfc691e3d5e507b409e7f1d5590a28f669360f59238a%3A2%3A%7Bi%3A0%3Bs%3A5%3A%22_csrf%22%3Bi%3A1%3Bs%3A32%3A%22OZYnrJ2p6qiW69i0cOtCaQx6H41GmBP7%22%3B%7D; _identity=ebf2e99e9993b0482c91339e3b0eee77e28f7f0e18db67946e091e5d650677e7a%3A2%3A%7Bi%3A0%3Bs%3A9%3A%22_identity%22%3Bi%3A1%3Bs%3A46%3A%22%5B9%2C%22b7EQftGbpacPWoXOiYiseJql-dkTmicV%22%2C2592000%5D%22%3B%7D'
    'PATH' => 'g:\\ospanel\\modules\\php\\PHP_7.2-x64\\ext;g:\\ospanel\\modules\\php\\PHP_7.2-x64\\pear;g:\\ospanel\\modules\\php\\PHP_7.2-x64\\pear\\bin;g:\\ospanel\\modules\\php\\PHP_7.2-x64;g:\\ospanel\\modules\\wget\\bin;g:\\ospanel\\modules\\database\\MariaDB-10.3-x64\\bin;g:\\ospanel\\modules\\http\\Apache_2.4-PHP_7.2-7.3-x64\\bin;g:\\ospanel\\modules\\http\\Apache_2.4-PHP_7.2-7.3-x64;C:\\Windows\\system32;C:\\Windows;C:\\Windows\\system32\\Wbem;C:\\Windows\\SysWOW64'
    'SystemRoot' => 'C:\\Windows'
    'COMSPEC' => 'C:\\Windows\\system32\\cmd.exe'
    'PATHEXT' => '.COM;.EXE;.BAT;.CMD;.VBS;.VBE;.JS;.JSE;.WSF;.WSH;.MSC'
    'WINDIR' => 'C:\\Windows'
    'SERVER_SIGNATURE' => ''
    'SERVER_SOFTWARE' => 'Apache'
    'SERVER_NAME' => 'maxsulotdilshod.loc'
    'SERVER_ADDR' => '127.0.0.1'
    'SERVER_PORT' => '80'
    'REMOTE_ADDR' => '127.0.0.1'
    'DOCUMENT_ROOT' => 'G:/OSPanel/domains/maxsulotDilshod/web'
    'REQUEST_SCHEME' => 'http'
    'CONTEXT_PREFIX' => ''
    'CONTEXT_DOCUMENT_ROOT' => 'G:/OSPanel/domains/maxsulotDilshod/web'
    'SERVER_ADMIN' => '[no address given]'
    'SCRIPT_FILENAME' => 'G:/OSPanel/domains/maxsulotDilshod/web/index.php'
    'REMOTE_PORT' => '58047'
    'REDIRECT_URL' => '/admin/default/index'
    'GATEWAY_INTERFACE' => 'CGI/1.1'
    'SERVER_PROTOCOL' => 'HTTP/1.1'
    'REQUEST_METHOD' => 'GET'
    'QUERY_STRING' => ''
    'REQUEST_URI' => '/admin/default/index'
    'SCRIPT_NAME' => '/index.php'
    'PHP_SELF' => '/index.php'
    'REQUEST_TIME_FLOAT' => 1590482046.552
    'REQUEST_TIME' => 1590482046
    'argv' => []
    'argc' => 0
]
2020-05-26 11:34:12 [127.0.0.1][9][5qqqqqfaktrp09audsr4q4visseua1vv][error][yii\base\InvalidConfigException] ReflectionException: Class app\modules\admin\Module does not exist in G:\OSPanel\domains\maxsulotDilshod\vendor\yiisoft\yii2\di\Container.php:447
Stack trace:
#0 G:\OSPanel\domains\maxsulotDilshod\vendor\yiisoft\yii2\di\Container.php(447): ReflectionClass->__construct('app\\modules\\adm...')
#1 G:\OSPanel\domains\maxsulotDilshod\vendor\yiisoft\yii2\di\Container.php(374): yii\di\Container->getDependencies('app\\modules\\adm...')
#2 G:\OSPanel\domains\maxsulotDilshod\vendor\yiisoft\yii2\di\Container.php(159): yii\di\Container->build('app\\modules\\adm...', Array, Array)
#3 G:\OSPanel\domains\maxsulotDilshod\vendor\yiisoft\yii2\BaseYii.php(365): yii\di\Container->get('app\\modules\\adm...', Array, Array)
#4 G:\OSPanel\domains\maxsulotDilshod\vendor\yiisoft\yii2\base\Module.php(427): yii\BaseYii::createObject(Array, Array)
#5 G:\OSPanel\domains\maxsulotDilshod\vendor\yiisoft\yii2\base\Module.php(586): yii\base\Module->getModule('admin')
#6 G:\OSPanel\domains\maxsulotDilshod\vendor\yiisoft\yii2\base\Module.php(522): yii\base\Module->createController('default/index')
#7 G:\OSPanel\domains\maxsulotDilshod\vendor\yiisoft\yii2\web\Application.php(103): yii\base\Module->runAction('admin/default/i...', Array)
#8 G:\OSPanel\domains\maxsulotDilshod\vendor\yiisoft\yii2\base\Application.php(386): yii\web\Application->handleRequest(Object(yii\web\Request))
#9 G:\OSPanel\domains\maxsulotDilshod\web\index.php(12): yii\base\Application->run()
#10 {main}

Next yii\base\InvalidConfigException: Failed to instantiate component or class "app\modules\admin\Module". in G:\OSPanel\domains\maxsulotDilshod\vendor\yiisoft\yii2\di\Container.php:449
Stack trace:
#0 G:\OSPanel\domains\maxsulotDilshod\vendor\yiisoft\yii2\di\Container.php(374): yii\di\Container->getDependencies('app\\modules\\adm...')
#1 G:\OSPanel\domains\maxsulotDilshod\vendor\yiisoft\yii2\di\Container.php(159): yii\di\Container->build('app\\modules\\adm...', Array, Array)
#2 G:\OSPanel\domains\maxsulotDilshod\vendor\yiisoft\yii2\BaseYii.php(365): yii\di\Container->get('app\\modules\\adm...', Array, Array)
#3 G:\OSPanel\domains\maxsulotDilshod\vendor\yiisoft\yii2\base\Module.php(427): yii\BaseYii::createObject(Array, Array)
#4 G:\OSPanel\domains\maxsulotDilshod\vendor\yiisoft\yii2\base\Module.php(586): yii\base\Module->getModule('admin')
#5 G:\OSPanel\domains\maxsulotDilshod\vendor\yiisoft\yii2\base\Module.php(522): yii\base\Module->createController('default/index')
#6 G:\OSPanel\domains\maxsulotDilshod\vendor\yiisoft\yii2\web\Application.php(103): yii\base\Module->runAction('admin/default/i...', Array)
#7 G:\OSPanel\domains\maxsulotDilshod\vendor\yiisoft\yii2\base\Application.php(386): yii\web\Application->handleRequest(Object(yii\web\Request))
#8 G:\OSPanel\domains\maxsulotDilshod\web\index.php(12): yii\base\Application->run()
#9 {main}
2020-05-26 11:34:12 [127.0.0.1][9][5qqqqqfaktrp09audsr4q4visseua1vv][info][application] $_GET = []

$_POST = []

$_FILES = []

$_COOKIE = [
    '__extfc' => '1'
    'PHPSESSID' => '5qqqqqfaktrp09audsr4q4visseua1vv'
    '_csrf' => '2efd6786cbce27412b9c3bfc691e3d5e507b409e7f1d5590a28f669360f59238a:2:{i:0;s:5:\"_csrf\";i:1;s:32:\"OZYnrJ2p6qiW69i0cOtCaQx6H41GmBP7\";}'
    '_identity' => 'ebf2e99e9993b0482c91339e3b0eee77e28f7f0e18db67946e091e5d650677e7a:2:{i:0;s:9:\"_identity\";i:1;s:46:\"[9,\"b7EQftGbpacPWoXOiYiseJql-dkTmicV\",2592000]\";}'
]

$_SESSION = [
    '__flash' => []
    '__id' => 9
]

$_SERVER = [
    'REDIRECT_STATUS' => '200'
    'HTTP_HOST' => 'maxsulotdilshod.loc'
    'HTTP_CONNECTION' => 'keep-alive'
    'HTTP_UPGRADE_INSECURE_REQUESTS' => '1'
    'HTTP_USER_AGENT' => 'Mozilla/5.0 (Windows NT 10.0; Win64; x64) AppleWebKit/537.36 (KHTML, like Gecko) Chrome/81.0.4044.138 Safari/537.36'
    'HTTP_ACCEPT' => 'text/html,application/xhtml+xml,application/xml;q=0.9,image/webp,image/apng,*/*;q=0.8,application/signed-exchange;v=b3;q=0.9'
    'HTTP_REFERER' => 'http://maxsulotdilshod.loc/'
    'HTTP_ACCEPT_ENCODING' => 'gzip, deflate'
    'HTTP_ACCEPT_LANGUAGE' => 'ru-RU,ru;q=0.9,en-US;q=0.8,en;q=0.7,la;q=0.6'
    'HTTP_COOKIE' => '__extfc=1; PHPSESSID=5qqqqqfaktrp09audsr4q4visseua1vv; _csrf=2efd6786cbce27412b9c3bfc691e3d5e507b409e7f1d5590a28f669360f59238a%3A2%3A%7Bi%3A0%3Bs%3A5%3A%22_csrf%22%3Bi%3A1%3Bs%3A32%3A%22OZYnrJ2p6qiW69i0cOtCaQx6H41GmBP7%22%3B%7D; _identity=ebf2e99e9993b0482c91339e3b0eee77e28f7f0e18db67946e091e5d650677e7a%3A2%3A%7Bi%3A0%3Bs%3A9%3A%22_identity%22%3Bi%3A1%3Bs%3A46%3A%22%5B9%2C%22b7EQftGbpacPWoXOiYiseJql-dkTmicV%22%2C2592000%5D%22%3B%7D'
    'PATH' => 'g:\\ospanel\\modules\\php\\PHP_7.2-x64\\ext;g:\\ospanel\\modules\\php\\PHP_7.2-x64\\pear;g:\\ospanel\\modules\\php\\PHP_7.2-x64\\pear\\bin;g:\\ospanel\\modules\\php\\PHP_7.2-x64;g:\\ospanel\\modules\\wget\\bin;g:\\ospanel\\modules\\database\\MariaDB-10.3-x64\\bin;g:\\ospanel\\modules\\http\\Apache_2.4-PHP_7.2-7.3-x64\\bin;g:\\ospanel\\modules\\http\\Apache_2.4-PHP_7.2-7.3-x64;C:\\Windows\\system32;C:\\Windows;C:\\Windows\\system32\\Wbem;C:\\Windows\\SysWOW64'
    'SystemRoot' => 'C:\\Windows'
    'COMSPEC' => 'C:\\Windows\\system32\\cmd.exe'
    'PATHEXT' => '.COM;.EXE;.BAT;.CMD;.VBS;.VBE;.JS;.JSE;.WSF;.WSH;.MSC'
    'WINDIR' => 'C:\\Windows'
    'SERVER_SIGNATURE' => ''
    'SERVER_SOFTWARE' => 'Apache'
    'SERVER_NAME' => 'maxsulotdilshod.loc'
    'SERVER_ADDR' => '127.0.0.1'
    'SERVER_PORT' => '80'
    'REMOTE_ADDR' => '127.0.0.1'
    'DOCUMENT_ROOT' => 'G:/OSPanel/domains/maxsulotDilshod/web'
    'REQUEST_SCHEME' => 'http'
    'CONTEXT_PREFIX' => ''
    'CONTEXT_DOCUMENT_ROOT' => 'G:/OSPanel/domains/maxsulotDilshod/web'
    'SERVER_ADMIN' => '[no address given]'
    'SCRIPT_FILENAME' => 'G:/OSPanel/domains/maxsulotDilshod/web/index.php'
    'REMOTE_PORT' => '58058'
    'REDIRECT_URL' => '/admin/default/index'
    'GATEWAY_INTERFACE' => 'CGI/1.1'
    'SERVER_PROTOCOL' => 'HTTP/1.1'
    'REQUEST_METHOD' => 'GET'
    'QUERY_STRING' => ''
    'REQUEST_URI' => '/admin/default/index'
    'SCRIPT_NAME' => '/index.php'
    'PHP_SELF' => '/index.php'
    'REQUEST_TIME_FLOAT' => 1590482052.583
    'REQUEST_TIME' => 1590482052
    'argv' => []
    'argc' => 0
]
